22:42:39,724  INFO HTTP-Dispatcher RedirectServer:handle:106 - query = code=AQCnAkmKNS_H3xPIKUEYs_WY3bIeA13PE-UjUnwTBrMPjp9a76QvuOtFnBDRkeGWC7cGuOOVHaGcPMgjR1_Aji2lFpel1bbn3DzxRLvgaiZQ_RD8H-z1QZKoxuyIbh-lUWqZp7W35bX-aT2a3mNgbanWmW7tYhwRTEYNIQzKbLRo2yaCr63jj1a0Nn4j
22:42:40,121  INFO HTTP-Dispatcher RedirectServer:handleRequest:86 - future get works
22:47:07,173  INFO HTTP-Dispatcher RedirectServer:handle:106 - query = code=AQDmec_Z7sIq_KmMVh4NJ2Wph1b72ecMGoxCESc2AEhuQULV8M7NBUEIqxCnChMOTmNtYwDvqQaScIefLxp_LsBFigOTvA9axv-r-VlY6ltQujmEeHVv3xqKgtcYD8mIPidlh4eWum9eh2t9aL_6AYvuMXI1Avd_ZY0nT_YkICXekAjtoPnzCQHauYCD
22:47:07,548  INFO HTTP-Dispatcher RedirectServer:handleRequest:86 - future get works
23:28:03,316  INFO HTTP-Dispatcher RedirectServer:handle:106 - query = code=AQBgJGg7yJsBq8uT5hs10a7uw0QC_r0NC6zu1hm9r-tiYBdZtsfAas1JboLB9PoTOCyHXvBYwVFqyzfMjMgx5ZN8KZ0EviXHRBvCcvOcsZPPLwUxy1rU8hMvH9ijj_dTsOXgARbwTD-fQOqPzTfSMzomtHDcN4Yc85dCebQXiBGpEkJvV7W7HqpFXj4s
23:28:03,933  INFO HTTP-Dispatcher RedirectServer:handleRequest:86 - future get works
17:59:48,751  INFO HTTP-Dispatcher RedirectServer:handle:106 - query = code=AQCZ5RaQ02qNSDaZvv4W4oL3sx4_nyhgOZb4pFFy4xYVhfih9ahZi0yJ2JNvJ_h6gZDQGx6PFoq3io-KObN4m4ufW-9qKiMd_UaJ81uZttRkGecHlZuLy0ptkGxmoYXUaf_mlnWKOR981P4d8Z8uedS_wfAQx5s0d51El1DLAj7N_1I0wY9KYZvOieZs
17:59:49,272  INFO HTTP-Dispatcher RedirectServer:handleRequest:86 - future get works
10:37:35,447  INFO HTTP-Dispatcher RedirectServer:handle:106 - query = code=AQAAkffmmTLVDvkpisx5C1ekdHxpVgaimE12xdkpIt_CM1K-s2jcSNXl9niW6W-1wHV2qULjtBwZOqaTtg103JwVQbxSa24D4C31ho0-JfKX55baC9NJBln8KiD1WqRIczrx_InygLOou5xTDOS5rFP5IrmZgj_5VmsJnUBoz6qshoRIuOFFROhhL0ig
10:37:35,824  INFO HTTP-Dispatcher RedirectServer:handleRequest:86 - future get works
17:16:44,101  INFO HTTP-Dispatcher RedirectServer:handle:106 - query = code=AQD6mB5OiCURBjB_tSpKbRSONg3AuaIHfOrrP84OiwdSzjLTwAyNiwn8gdDPI02EOgg5dxgVcxI7MApXc4SnzKr9ViZ1ASNcjCMSdiHfUNsszlX-ymfu5PsYE3NhZ39IYpP35yGk63y9q7_e0DbnQya_b4ZyDc9-UyfUl2XoBtma0v5lpT9pSN2kLY-j
17:16:44,449  INFO HTTP-Dispatcher RedirectServer:handleRequest:86 - future get works
17:19:32,722  INFO HTTP-Dispatcher RedirectServer:handle:106 - query = code=AQAXlt6xEqlc-pAspRMmqJXlOTzRxvh2nZCZpDQ0XyhjNUKEGb1Cq7QhOWnau37JI8iAN5FivvGaXJ3a414Fkpi0C40eM1ua7_dU5tTYlSeNhTuNLpwu9KzZNbWY5TjtFU7_4ajX5M2lo7ZuPJackb-i-iVWzGmt24zB_qe_wBEWFDgjQeRqNxPaDcdb
17:19:33,202  INFO HTTP-Dispatcher RedirectServer:handleRequest:86 - future get works
17:20:59,561  INFO HTTP-Dispatcher RedirectServer:handle:106 - query = code=AQALjAazLcB6aW8cvbvUArBohgZRD8wyasJ-5c2mbG3tjhPq8Jvr6HiQvje0iOPJ5XCnfBIb9yBq17axExv6eP71rI3Tach4noGLrSUQwmxCoFR3xNQf0swGSC94eaILab3vYIbv7mKeuApxrYuLBQvqGhLbqL22WVuq0Ikxp3oclJvCrkgBh-7wGiyX
17:20:59,971  INFO HTTP-Dispatcher RedirectServer:handleRequest:86 - future get works
17:35:13,656  INFO HTTP-Dispatcher RedirectServer:handle:106 - query = code=AQDGpmZIbHWAwD0guV-b4tjwSIF-AWDQN025jrX2HSThRWD1dt3p3ulOYgePNSvrKufltjAWfH-D0qUioTkDEiaEF4SiY4AFYG9D7FQEeJK_8eSZ5zYdSu5rpVek1y4oKhBB168BvblRxtiOYjm5CD5iGibQ9MbM7nVGsGmLVqJeYSGwpVkRhqTisqkS
17:35:14,035  INFO HTTP-Dispatcher RedirectServer:handleRequest:86 - future get works
20:24:41,666  INFO HTTP-Dispatcher RedirectServer:handle:106 - query = code=AQAT82eFjwpo2iSGG3Hx4BxOPY0pDu181kYIjJVWk8vI3Iah85YLUe-wqjoxS3YpzMYMyTq2NYfJTiKYJeeGkgwmxf-B3Ljx1Ykj8RPxGYyYWB_-cDMRGBqZbDef-nXYGZFOoqsS3EOsOmauePir05cB82FhnUgGCuSnnj32ClAbWAEDVo3PSLpWufG9
20:24:42,155  INFO HTTP-Dispatcher RedirectServer:handleRequest:86 - future get works
17:09:05,025  INFO HTTP-Dispatcher RedirectServer:handle:104 - query = code=AQAM_l-cD-VvRuPUcoTcPrJnC4b0_1f3W6Sy8Ld2A_Ws37Qb80BF2Kikd65gt4Og4YUFsdkU9bz8bXMOtwaVpVJNImq4uDsMGGF5hG9g111WI4U5Gyl3jklwkfkb5NYVJ4ymkNP9wPTYcP6Fl3o6K8YD3o-S1t9E0lKUn5WlQU12Jc0DNKzOtFft2fh5
17:11:52,178  INFO HTTP-Dispatcher RedirectServer:handle:104 - query = code=AQDabUod4AyWR-HRCs5kccB2mfXJdqkyhmL7cIuhMeWie95pojXGWfn1WW9jsQ07KomFPbPy_MbWAwqkeoXFWhPahA24wfcXwAHANfJsq1u9OO4zAba4ONei9YgGHY_KZH-JDStsHOIY6S7FyonOfn2L26UnbIwdHBFkcENoxZoL9vwBrkkCNZkpkmph
17:15:45,691  INFO HTTP-Dispatcher RedirectServer:handle:104 - query = code=AQBHZyksJULYutGTITOCa4H-klTwi1CoXnUF5-4aXDEvog3a7lDHOPkCISfnuiNnm3oIrim-v_Y_aiOQrQWMYAzfV1OhluaKbxU9OB3GIwt2_a7jiI2NOJ6gAzizsWcIKDyecDGor_g7WQmGRmvnI9xh9GxYf7LnLFx0YnGsVisBazrHTu5WymmbwyxD
17:15:46,317  INFO HTTP-Dispatcher RedirectServer:handleRequest:84 - future get works
18:54:39,613  INFO HTTP-Dispatcher RedirectServer:handle:104 - query = code=AQAF0z0NDFwlzbugamTBjrHY692ZUPJTT3uQFJJdKZcThnVeygaaEeLwKBtoIdXo2k9qVtPNcBmHpPSVgRrnqPTxcMI6-C8VnmuJXQmM7nOvu9K1s87mHN__l7PwqHqj9A6JcpDWMWqF45bIKrwXREVvkaN7n1BodvHG1imo6Q2gGtAIokQ2kFbEKaAV
18:54:40,074  INFO HTTP-Dispatcher RedirectServer:handleRequest:84 - future get works
19:00:30,814  INFO HTTP-Dispatcher RedirectServer:handle:104 - query = code=AQDQBkm4Mre2l5WtdKTfFlNvAJ3YGvNjU_6n_CkYUPZe8smxqrHnRLukqN8SFHa_H4NRwwsGqAEtGQc6rs3nnVB0tMzdswU4l2Ilgx3O7haQfRK_m22CjF6-xLtGMTSjBhjWJszf0FaShdi70zMa_hI8dZwUjNkntufo7g8NiebEwdQhn4zlozd2HLrf
10:13:55,774  INFO HTTP-Dispatcher RedirectServer:handle:104 - query = code=AQCM2kRbnXakmzwooZQ_eB-RajRNMu-ScjePTM5CNsROnbOJndcQQca7PdbHYYszOEY24oGMH_DapOmMuS6O-g9Et8dZZTJoDm7K_ppKHrMgjJyyWsbaz5ECIp0PSu82dlNxbOfx0drvd8BLmoSX7ji-dD2V3Wg79p_6pocKfCMoPE3vNhvSBQCmfWZN
10:14:50,392  INFO HTTP-Dispatcher RedirectServer:handle:104 - query = code=AQDQubIvJE3-ybCeAhB3C7i4pEJv-gOwQgLklJFeSmom21PBtJ3wAU-YD2Qp07zdpsotVXlx3OqkQN0-lihECKhxxR_s-EbXq3fbMBAa8ZlSkqiJj0mSFPlOV5rHEUn-lrXKhpLI9XYezz6uhC03E8U8Mn_d0nR5zrjAN8x-NaxON1RbQxZNxHx0E5A8
10:15:36,470  INFO HTTP-Dispatcher RedirectServer:handle:104 - query = code=AQBK2abZkaN-vQhWtK6bjjmOJVhBnOPFo9hghE2cYAaGbpjeWTHKB3L7EIQtb4a6JEQ99LDCulrxMKq0O1gUcKiY_R0OwmdGViS5YXxi66FfAOiJkNOjK69tXU56hmIx2p_GqX6LvyyQu5_wUVZj4zk0f9tZ0ndaTuCH2fLxvFjn4j6B5miSZh3PAGDg
11:26:04,186  INFO HTTP-Dispatcher RedirectServer:handle:104 - query = code=AQACljrvsbn-Xd9i_sKuCbvV2aK-P4H8DIJmeZWeECRRyXIlxpsILdtN8v7eRdNMjzpzA4C3gIp8Kr3Sc9U6CPm02nqSTzTG2CY2xoYqzUMeyqbItc7wxRfJg05406Ce3cM0Z3TLA8qFdxCN-feflvSyTa6mQevRmsGuCcwJU8OVmHC84XyUGkynky3m
11:46:55,128  INFO HTTP-Dispatcher RedirectServer:handle:104 - query = code=AQAWz2hJhgECyfKwtgrIFPbgSYpmC6172h6_yRdkOYaajImlS5Le3KZ1m1N2hLEAWZtUj1lKOD4lQ_lt8vVqiIP8p8d7EoOb6EJZzH-H8dC8kietPFHw5fepobyRUXY8hlcA0fiHiwBPpWXEJTkKkpXpxmVCPSU2_GG4ZcUOlnOJYbdpYwZdaGEkNHTe
09:06:20,914  INFO HTTP-Dispatcher RedirectServer:handle:104 - query = code=AQA7bRe9gfPHPwwukrn6g7H-XO_1_GInQs5N_9ybHItWBOGKV245gfA11aLkWGOnzmfPRc45u6kNB4QbVTgWw0k9PXLHu2l9wNuIMV6iyiUdpvIFG-JgV7tQaBpRGdvzcAwJrVn4cSibMFniCqLak3m7qU0Rbr6tZvCvvcW-VfnHMedRLe1PVMxBOxft
09:10:21,569  INFO HTTP-Dispatcher RedirectServer:handle:104 - query = code=AQAxlsvcOysgBwRpA3hCabJMj8rZvAJ3mrMNGplJruVCAsikIqtKz5Fwe5cQoZS2mZGmYqDOejfDXZNzUi3jE_BJejjPklPozr6PPN_GsLmWG3H16_Dmezdh1wqeYRJZHsLyzEEdoWM9TdnEt9TW54dindgSGTjAtU6vw6GO-QA2Bsx5Bq28yu-Qr6EN
20:09:57,652  INFO HTTP-Dispatcher RedirectServer:handle:104 - query = code=AQBuWIQxPZBsZH_jfPji98GIFoqccalAkbPWtGL-eTZ09ulnep9rNdpBtDnSP_HqXjH7MzyRT2wnbKYSF3MU_UsW2IgVkPQqDkdhOn2-eYGtd4L4F5fu9FINUeofWTjEDCZz-jOJTfZTQLRjw4tPGsF6b9_6RUths9a5nuSBUKPj__zuyEsNcWADf-Lx
20:11:51,556  INFO HTTP-Dispatcher RedirectServer:handle:104 - query = code=AQCY6XwzavZ5lydiUVh04h48XA0_DdAIb51n-hYGkrUHCo6-Oj-SBXM7WapFPSnmaKsAWPhoF3Xp1_fK2bqWz_R0L9BGYSGgLv5ADqaETpe7g2YL2Y__PTZmOH3FPtLm3__iUm6NTDTKkk-CEfwlKPQSlzzOEPnXD4mAgnv_bQUlnYBd4Mxd1w54fecU
20:15:11,238  INFO HTTP-Dispatcher RedirectServer:handle:104 - query = code=AQDWXXJ8sG9sf3Q-mmUlpA7aYta9KEXKXk-GZB_6LKmjRM1PcDmdi1z5N7JK_uMXy0kodWN8l7YT1aBlCHrrft9s13GJwzTSecDJ5873Yq2W36j4MN6vuo9OIofCdOyuhSmJt-zsgXzVLcxQi4zDmware-JHuHk5_wJeBncPjI79YfOmsDqLiR5OjQLt
20:23:03,557  INFO HTTP-Dispatcher RedirectServer:handle:96 - query = code=AQDhprmYmpe3c_NZc5SrnbmdoFQGu1z5TcgSTP2lSsz0eecyHtvhlsMzFZDjad0BryGhZdnFhzTuEwQ2Wr2Rjun-st-EyrlaQhKKGkhD1TMbYPrEJ-PnYYevC4fIL7-mWg4HOAnE87RB-kAmINaQefcUpGxZCHm1QlPdUR1eLano5DkbR21weLTDBkYi
20:23:03,560  INFO HTTP-Dispatcher RedirectServer:handleRequest:79 - future code done
20:23:03,564  INFO HTTP-Dispatcher RedirectServer:handleRequest:81 - future CodeRequest done
20:23:03,940  INFO HTTP-Dispatcher RedirectServer:handleRequest:83 - everything ok
22:28:11,853  INFO HTTP-Dispatcher RedirectServer:handle:96 - query = code=AQD863TUO9iPUMny8vbPtP1XBgAlnTfP4o1JAFNeQDw4wB85eUG72ktYz_fPV-Y3Vf5x2UbPlradFPnmIAdrg8mC40zsvvIRSUNxP_nTJIAApb-DoyIjWC7mpx-ei-4vLu-gH4UkcISOYyvBWvdQvBPpN8nH3f-GMvTc6G8EVtm8wZ3u73n1C_lcZ8dx
22:28:11,857  INFO HTTP-Dispatcher RedirectServer:handleRequest:79 - future code done
22:28:11,867  INFO HTTP-Dispatcher RedirectServer:handleRequest:81 - future CodeRequest done
22:28:12,383  INFO HTTP-Dispatcher RedirectServer:handleRequest:83 - everything ok
10:29:53,207  INFO HTTP-Dispatcher RedirectServer:handle:89 - query = code=AQCVOuKo26ckYANCvMkVVCGq4ee42ARYLP01YVkMoF_hbd2N_vRjBfWpcgYUqShGY2P3wvJak1RPECADlXJBkfcgkHB4WvaikLRJ9LzDa1GSQAeba4whgjb8nVLrw_FXDM8KylbjB7tVTf5zq2wqsr4n3q91qLMT2rmvMl50I6JVPH9WI_3FWfO9WPjH
10:29:53,213  INFO HTTP-Dispatcher RedirectServer:handleRequest:74 - future code done
10:29:53,218  INFO HTTP-Dispatcher RedirectServer:handleRequest:76 - future CodeRequest done
10:29:53,926  INFO HTTP-Dispatcher RedirectServer:handleRequest:78 - everything ok
